<?xml version="1.0" encoding="UTF-8"?>
<!-- Generated by org.testng.reporters.JUnitReportReporter -->
<testsuite hostname="SUJI" failures="0" tests="1" name="StepDefinitions.TC002_LoginTest" time="2.097" errors="0" timestamp="2024-10-08T00:52:20 IST" skipped="0">
  <testcase classname="StepDefinitions.TC002_LoginTest" name="verify_Login" time="2.097"/>
</testsuite> <!-- StepDefinitions.TC002_LoginTest -->
