<?xml version="1.0" encoding="UTF-8"?>
<!-- Generated by org.testng.reporters.JUnitReportReporter -->
<testsuite hostname="SUJI" failures="0" tests="1" name="StepDefinitions.TC002_LoginTest" time="1.738" errors="0" timestamp="2024-10-07T21:48:31 IST" skipped="0">
  <testcase classname="StepDefinitions.TC002_LoginTest" name="verify_Login" time="1.738"/>
</testsuite> <!-- StepDefinitions.TC002_LoginTest -->
