<?xml version="1.0" encoding="UTF-8"?>
<!-- Generated by org.testng.reporters.JUnitReportReporter -->
<testsuite hostname="SUJI" failures="0" tests="1" name="StepDefinitions.Tc003_LoginDDTest" time="1.869" errors="0" timestamp="2024-10-08T00:52:20 IST" skipped="0">
  <testcase classname="StepDefinitions.Tc003_LoginDDTest" name="verify_LoginDDT" time="1.869"/>
</testsuite> <!-- StepDefinitions.Tc003_LoginDDTest -->
