<?xml version="1.0" encoding="UTF-8"?>
<!-- Generated by org.testng.reporters.JUnitReportReporter -->
<testsuite hostname="SUJI" failures="0" tests="1" name="StepDefinitions.Tc001_AccRegTest" time="17.199" errors="0" timestamp="2024-10-08T00:52:20 IST" skipped="0">
  <testcase classname="StepDefinitions.Tc001_AccRegTest" name="AccountRegistration" time="17.199"/>
</testsuite> <!-- StepDefinitions.Tc001_AccRegTest -->
