<?xml version="1.0" encoding="UTF-8"?>
<!-- Generated by org.testng.reporters.JUnitReportReporter -->
<testsuite hostname="SUJI" failures="0" tests="1" name="StepDefinitions.Tc003_LoginDDTest" time="1.949" errors="0" timestamp="2024-10-07T21:48:31 IST" skipped="0">
  <testcase classname="StepDefinitions.Tc003_LoginDDTest" name="verify_LoginDDT" time="1.949"/>
</testsuite> <!-- StepDefinitions.Tc003_LoginDDTest -->
